Determining if the pthread_create exist failed with the following output:
Change Dir: /home/dragonx/catkin_workspace/build/CMakeFiles/CMakeTmp

Run Build Command:"/usr/bin/make" "cmTC_1a81b/fast"
/usr/bin/make -f CMakeFiles/cmTC_1a81b.dir/build.make CMakeFiles/cmTC_1a81b.dir/build
make[1]: Entering directory '/home/dragonx/catkin_workspace/build/CMakeFiles/CMakeTmp'
Building C object CMakeFiles/cmTC_1a81b.dir/CheckSymbolExists.c.o
/usr/bin/cc     -o CMakeFiles/cmTC_1a81b.dir/CheckSymbolExists.c.o   -c /home/dragonx/catkin_workspace/build/CMakeFiles/CMakeTmp/CheckSymbolExists.c
Linking C executable cmTC_1a81b
/usr/bin/cmake -E cmake_link_script CMakeFiles/cmTC_1a81b.dir/link.txt --verbose=1
/usr/bin/cc       CMakeFiles/cmTC_1a81b.dir/CheckSymbolExists.c.o  -o cmTC_1a81b -rdynamic 
CMakeFiles/cmTC_1a81b.dir/CheckSymbolExists.c.o: In function `main':
CheckSymbolExists.c:(.text+0x16): undefined reference to `pthread_create'
collect2: error: ld returned 1 exit status
CMakeFiles/cmTC_1a81b.dir/build.make:97: recipe for target 'cmTC_1a81b' failed
make[1]: *** [cmTC_1a81b] Error 1
make[1]: Leaving directory '/home/dragonx/catkin_workspace/build/CMakeFiles/CMakeTmp'
Makefile:126: recipe for target 'cmTC_1a81b/fast' failed
make: *** [cmTC_1a81b/fast] Error 2

File /home/dragonx/catkin_workspace/build/CMakeFiles/CMakeTmp/CheckSymbolExists.c:
/* */
#include <pthread.h>

int main(int argc, char** argv)
{
  (void)argv;
#ifndef pthread_create
  return ((int*)(&pthread_create))[argc];
#else
  (void)argc;
  return 0;
#endif
}

Determining if the function pthread_create exists in the pthreads failed with the following output:
Change Dir: /home/dragonx/catkin_workspace/build/CMakeFiles/CMakeTmp

Run Build Command:"/usr/bin/make" "cmTC_9cc9e/fast"
/usr/bin/make -f CMakeFiles/cmTC_9cc9e.dir/build.make CMakeFiles/cmTC_9cc9e.dir/build
make[1]: Entering directory '/home/dragonx/catkin_workspace/build/CMakeFiles/CMakeTmp'
Building C object CMakeFiles/cmTC_9cc9e.dir/CheckFunctionExists.c.o
/usr/bin/cc    -DCHECK_FUNCTION_EXISTS=pthread_create   -o CMakeFiles/cmTC_9cc9e.dir/CheckFunctionExists.c.o   -c /usr/share/cmake-3.5/Modules/CheckFunctionExists.c
Linking C executable cmTC_9cc9e
/usr/bin/cmake -E cmake_link_script CMakeFiles/cmTC_9cc9e.dir/link.txt --verbose=1
/usr/bin/cc   -DCHECK_FUNCTION_EXISTS=pthread_create    CMakeFiles/cmTC_9cc9e.dir/CheckFunctionExists.c.o  -o cmTC_9cc9e -rdynamic -lpthreads 
/usr/bin/ld: cannot find -lpthreads
collect2: error: ld returned 1 exit status
CMakeFiles/cmTC_9cc9e.dir/build.make:97: recipe for target 'cmTC_9cc9e' failed
make[1]: *** [cmTC_9cc9e] Error 1
make[1]: Leaving directory '/home/dragonx/catkin_workspace/build/CMakeFiles/CMakeTmp'
Makefile:126: recipe for target 'cmTC_9cc9e/fast' failed
make: *** [cmTC_9cc9e/fast] Error 2


